2024-10-04 11:34:31,191  
generator_name: jayesh 
E-Note Title: patel 
E-Note Content: hello
------------------------------
2024-10-04 11:35:03,993  
generator_name: lucky 
E-Note Title: tiwari 
E-Note Content: helo
------------------------------
2024-10-04 11:35:07,932 
 View Notes....!!!!
2024-10-04 11:37:41,293  
Generator_name: jayesh 
E-Note Title: patel 
E-Note Content: hello
------------------------------
2024-10-04 11:39:42,157  
Generator_name: jayesh 
E-Note Title: patel 
E-Note Content: hello
------------------------------
2024-10-04 11:41:18,645  
Generator_name: jayesh  
E-Note Title: patel 
E-Note Content: hello
------------------------------
2024-10-04 11:41:55,065 
 View Notes....!!!!
2024-10-04 11:56:45,532  
Generator_name: jayesh 
E-Note Title: patel 
E-Note Content: hello
------------------------------
2024-10-04 11:56:59,391  
Generator_name: himanshu 
E-Note Title: hhell 
E-Note Content: njdjsnsf
------------------------------
2024-10-04 11:57:22,290 
 View Notes....!!!!

2024-10-04 12:08:39,393  
Generator_name: himanshu 
E-Note Title: yadav 
E-Note Content: hello
------------------------------
2024-10-04 12:10:35,125  
Generator_name: vishal 
E-Note Title: yadav 
E-Note Content: hello
------------------------------
2024-10-04 12:10:37,131 
 View Notes....!!!!
2024-10-04 12:14:43,196  
Generator_name: jayesh 
E-Note Title: patel 
E-Note Content: hello
--------------------------------------------------
2024-10-04 12:14:52,460  
Generator_name: himanshu 
E-Note Title: yadav 
E-Note Content: helo
--------------------------------------------------
2024-10-04 12:14:54,927 
 View Notes....!!!!
2024-10-04 12:34:15,674  
Generator_name: himanshu 
E-Note Title: yadav 
E-Note Content: hello
------------------------------
2024-10-04 12:34:24,424  
Generator_name: jayesh 
E-Note Title: patel 
E-Note Content: hii
------------------------------
2024-10-04 12:34:36,142 
 View Notes....!!!!
